[INFO] Disabling enhanced local repository: using legacy is strongly discouraged to ensure build reproducibility.
[INFO] Scanning for projects...
[INFO] 
[INFO] ------------< org.example.mehdi_projecy.job:AutomationJob >-------------
[INFO] Building MEHDI_PROJECY AutomationJob-0.1.0-SNAPSHOT (0.1,Job Designs) 0.1.0-SNAPSHOT
[INFO] --------------------------------[ jar ]---------------------------------
[INFO] 
[INFO] --- builder-maven-plugin:7.3.8:generate (default) @ AutomationJob ---
[INFO] Skipping ci-builder
[INFO] 
[INFO] --- maven-resources-plugin:3.0.2:resources (default-resources) @ AutomationJob ---
[WARNING] Using platform encoding (UTF-8 actually) to copy filtered resources, i.e. build is platform dependent!
[INFO] Copying 0 resource
[INFO] 
[INFO] --- maven-compiler-plugin:3.6.1:compile (default-compile) @ AutomationJob ---
[INFO] Changes detected - recompiling the module!
[INFO] Compiling 1 source file to C:\Users\mmeksi\workspace\MEHDI_PROJECY\poms\jobs\process\Utilityjobs\automationjob_0.1\target\classes
[INFO] 
[INFO] --- maven-resources-plugin:3.0.2:testResources (default-testResources) @ AutomationJob ---
[WARNING] Using platform encoding (UTF-8 actually) to copy filtered resources, i.e. build is platform dependent!
[INFO] Copying 2 resources
[INFO] 
[INFO] --- maven-compiler-plugin:3.6.1:testCompile (default-testCompile) @ AutomationJob ---
[INFO] Nothing to compile - all classes are up to date
[INFO] 
[INFO] --- maven-surefire-plugin:2.12.4:test (default-test) @ AutomationJob ---
[INFO] Surefire report directory: C:\Users\mmeksi\workspace\MEHDI_PROJECY\poms\jobs\process\Utilityjobs\automationjob_0.1\target\surefire-reports

-------------------------------------------------------
 T E S T S
-------------------------------------------------------
Running mehdi_projecy.automationjob_0_1.testcase_0_1.TestCaseTest
2022-09-14 15:32:56|m3kPzW|MEHDI_PROJECY|TestCase|java|tAssert_1|Ok|--|File from reference equal from input|
Tests run: 1, Failures: 0, Errors: 0, Skipped: 0, Time elapsed: 0.663 sec

Results :

Tests run: 1, Failures: 0, Errors: 0, Skipped: 0

[INFO] ------------------------------------------------------------------------
[INFO] BUILD SUCCESS
[INFO] ------------------------------------------------------------------------
[INFO] Total time: 2.079 s
[INFO] Finished at: 2022-09-14T15:32:56+01:00
[INFO] ------------------------------------------------------------------------
